<?xml version="1.0" encoding="UTF-8"?>
<!-- Generated by org.testng.reporters.JUnitReportReporter -->
<testsuite hostname="elvis-laptop" failures="0" tests="1" name="tests.LeadTest" time="15.816" errors="0" timestamp="2024-09-13T18:08:22 CDT" skipped="0">
  <testcase classname="tests.LeadTest" name="createNewLead_TC24" time="15.816"/>
  <system-out/>
</testsuite> <!-- tests.LeadTest -->
